<?xml version="1.0" encoding="UTF-8"?>
<testsuite xmlns:xsi="http://www.w3.org/2001/XMLSchema-instance" xsi:noNamespaceSchemaLocation="https://maven.apache.org/surefire/maven-surefire-plugin/xsd/surefire-test-report.xsd" name="org.example.HW_7.PositiveTest" time="35.042" tests="2" errors="2" skipped="0" failures="0">
  <properties>
[...]
</properties>
  <testcase name="create_new_step_and_finish_him" classname="org.example.HW_7.PositiveTest" time="23.656">
    <error message="no such element: Unable to locate element: {&quot;method&quot;:&quot;xpath&quot;,&quot;selector&quot;:&quot;.//div[4]/input&quot;}&#10;  (Session info: headless chrome=102.0.5005.63)&#10;For documentation on this error, please visit: https://selenium.dev/exceptions/#no_such_element&#10;Build info: version: &apos;4.0.0&apos;, revision: &apos;3a21814679&apos;&#10;System info: host: &apos;DESKTOP-44QEDC4&apos;, ip: &apos;192.168.56.1&apos;, os.name: &apos;Windows 10&apos;, os.arch: &apos;amd64&apos;, os.version: &apos;10.0&apos;, java.version: &apos;17.0.1&apos;&#10;Driver info: org.openqa.selenium.chrome.ChromeDriver&#10;Command: [4e9252be6a9084ad4a091251f2e4141f, findElement {using=xpath, value=.//div[4]/input}]&#10;Capabilities {acceptInsecureCerts: false, browserName: chrome, browserVersion: 102.0.5005.63, chrome: {chromedriverVersion: 102.0.5005.61 (0e59bcc00cc4..., userDataDir: C:\Users\Tadeysh\AppData\Lo...}, goog:chromeOptions: {debuggerAddress: localhost:21829}, javascriptEnabled: true, networkConnectionEnabled: false, pageLoadStrategy: normal, platform: WINDOWS, platformName: WINDOWS, proxy: Proxy(), se:cdp: ws://localhost:21829/devtoo..., se:cdpVersion: 102.0.5005.63, setWindowRect: true, strictFileInteractability: false, timeouts: {implicit: 0, pageLoad: 10000, script: 30000}, unhandledPromptBehavior: dismiss and notify, webauthn:extension:credBlob: true, webauthn:extension:largeBlob: true, webauthn:virtualAuthenticators: true}&#10;Session ID: 4e9252be6a9084ad4a091251f2e4141f" type="org.openqa.selenium.NoSuchElementException">org.openqa.selenium.NoSuchElementException: 
no such element: Unable to locate element: {"method":"xpath","selector":".//div[4]/input"}
  (Session info: headless chrome=102.0.5005.63)
For documentation on this error, please visit: https://selenium.dev/exceptions/#no_such_element
Build info: version: '4.0.0', revision: '3a21814679'
System info: host: 'DESKTOP-44QEDC4', ip: '192.168.56.1', os.name: 'Windows 10', os.arch: 'amd64', os.version: '10.0', java.version: '17.0.1'
Driver info: org.openqa.selenium.chrome.ChromeDriver
Command: [4e9252be6a9084ad4a091251f2e4141f, findElement {using=xpath, value=.//div[4]/input}]
Capabilities {acceptInsecureCerts: false, browserName: chrome, browserVersion: 102.0.5005.63, chrome: {chromedriverVersion: 102.0.5005.61 (0e59bcc00cc4..., userDataDir: C:\Users\Tadeysh\AppData\Lo...}, goog:chromeOptions: {debuggerAddress: localhost:21829}, javascriptEnabled: true, networkConnectionEnabled: false, pageLoadStrategy: normal, platform: WINDOWS, platformName: WINDOWS, proxy: Proxy(), se:cdp: ws://localhost:21829/devtoo..., se:cdpVersion: 102.0.5005.63, setWindowRect: true, strictFileInteractability: false, timeouts: {implicit: 0, pageLoad: 10000, script: 30000}, unhandledPromptBehavior: dismiss and notify, webauthn:extension:credBlob: true, webauthn:extension:largeBlob: true, webauthn:virtualAuthenticators: true}
Session ID: 4e9252be6a9084ad4a091251f2e4141f
	at org.example.HW_7.PositiveTest.create_new_step_and_finish_him(PositiveTest.java:63)
</error>
    <system-out><![CDATA[14:29:29.834 [main] DEBUG io.github.bonigarcia.wdm.cache.ResolutionCache - Resolution chrome=102 in cache (valid until 14:57:22 06/06/2022 MSK)
14:29:29.834 [main] DEBUG io.github.bonigarcia.wdm.cache.ResolutionCache - Resolution chrome102=102.0.5005.61 in cache (valid until 13:50:14 07/06/2022 MSK)
14:29:29.834 [main] INFO io.github.bonigarcia.wdm.WebDriverManager - Using chromedriver 102.0.5005.61 (resolved driver for Chrome 102)
14:29:29.836 [main] DEBUG io.github.bonigarcia.wdm.WebDriverManager - Driver chromedriver 102.0.5005.61 found in cache
14:29:29.836 [main] INFO io.github.bonigarcia.wdm.WebDriverManager - Exporting webdriver.chrome.driver as C:\Users\Tadeysh\.cache\selenium\chromedriver\win32\102.0.5005.61\chromedriver.exe
14:29:30.036 [AsyncHttpClient-1-17] DEBUG org.asynchttpclient.netty.channel.NettyConnectListener - Using new Channel '[id: 0x7a8939b6, L:/127.0.0.1:21828 - R:localhost/127.0.0.1:61010]' for 'POST' to '/session'
14:29:30.535 [AsyncHttpClient-1-17] DEBUG org.asynchttpclient.netty.handler.HttpHandler - 

Request DefaultHttpRequest(decodeResult: success, version: HTTP/1.1)
POST /session HTTP/1.1
User-Agent: selenium/4.0.0 (java windows)
Content-Length: 633
Content-Type: application/json; charset=utf-8
host: localhost:61010
accept: */*

Response DefaultHttpResponse(decodeResult: success, version: HTTP/1.1)
HTTP/1.1 200 OK
Content-Type: application/json; charset=utf-8
cache-control: no-cache
content-length: 790

14:29:30.535 [AsyncHttpClient-1-17] DEBUG org.asynchttpclient.netty.channel.ChannelManager - Adding key: http://localhost:61010 for channel [id: 0x7a8939b6, L:/127.0.0.1:21828 - R:localhost/127.0.0.1:61010]
14:29:30.538 [AsyncHttpClient-1-2] DEBUG org.asynchttpclient.netty.channel.NettyConnectListener - Using new Channel '[id: 0xb26fd51a, L:/127.0.0.1:21835 - R:localhost/127.0.0.1:21829]' for 'GET' to '/json/version'
14:29:30.539 [AsyncHttpClient-1-2] DEBUG org.asynchttpclient.netty.handler.HttpHandler - 

Request DefaultFullHttpRequest(decodeResult: success, version: HTTP/1.1, content: EmptyByteBufBE)
GET /json/version HTTP/1.1
User-Agent: selenium/4.0.0 (java windows)
host: localhost:21829
accept: */*

Response DefaultHttpResponse(decodeResult: success, version: HTTP/1.1)
HTTP/1.1 200 OK
Content-Type: application/json; charset=UTF-8
content-length: 442

14:29:30.539 [AsyncHttpClient-1-2] DEBUG org.asynchttpclient.netty.channel.ChannelManager - Adding key: http://localhost:21829 for channel [id: 0xb26fd51a, L:/127.0.0.1:21835 - R:localhost/127.0.0.1:21829]
14:29:30.540 [AsyncHttpClient-1-3] DEBUG org.asynchttpclient.netty.channel.NettyConnectListener - Using new Channel '[id: 0x08d15aeb, L:/127.0.0.1:21836 - R:localhost/127.0.0.1:21829]' for 'GET' to '/devtools/browser/667eb7b7-0407-4e47-aa6a-7f3cb104c33d'
14:29:30.540 [AsyncHttpClient-1-3] DEBUG org.asynchttpclient.netty.handler.WebSocketHandler - 

Request DefaultFullHttpRequest(decodeResult: success, version: HTTP/1.1, content: EmptyByteBufBE)
GET /devtools/browser/667eb7b7-0407-4e47-aa6a-7f3cb104c33d HTTP/1.1
upgrade: websocket
connection: upgrade
sec-websocket-key: fFNLuUIGWhxfHidNmMb2GA==
sec-websocket-version: 13
origin: http://localhost:21829
host: localhost:21829
accept: */*
user-agent: AHC/2.1

Response DefaultHttpResponse(decodeResult: success, version: HTTP/1.1)
HTTP/1.1 101 WebSocket Protocol Handshake
Upgrade: WebSocket
Connection: Upgrade
Sec-WebSocket-Accept: M1NN8d7TXwyw0a6rfs4xTrTNiTo=

14:29:30.543 [Forwarding setTimeout on session 4e9252be6a9084ad4a091251f2e4141f to remote] DEBUG org.asynchttpclient.netty.request.NettyRequestSender - Using pooled Channel '[id: 0x7a8939b6, L:/127.0.0.1:21828 - R:localhost/127.0.0.1:61010]' for 'POST' to 'http://localhost:61010/session/4e9252be6a9084ad4a091251f2e4141f/timeouts'
14:29:30.543 [Forwarding setTimeout on session 4e9252be6a9084ad4a091251f2e4141f to remote] DEBUG org.asynchttpclient.netty.request.NettyRequestSender - Using open Channel [id: 0x7a8939b6, L:/127.0.0.1:21828 - R:localhost/127.0.0.1:61010] for POST '/session/4e9252be6a9084ad4a091251f2e4141f/timeouts'
14:29:30.544 [AsyncHttpClient-1-17] DEBUG org.asynchttpclient.netty.handler.HttpHandler - 

Request DefaultHttpRequest(decodeResult: success, version: HTTP/1.1)
POST /session/4e9252be6a9084ad4a091251f2e4141f/timeouts HTTP/1.1
User-Agent: selenium/4.0.0 (java windows)
Content-Length: 23
Content-Type: application/json; charset=utf-8
host: localhost:61010
accept: */*

Response DefaultHttpResponse(decodeResult: success, version: HTTP/1.1)
HTTP/1.1 200 OK
Content-Type: application/json; charset=utf-8
cache-control: no-cache
content-length: 14

14:29:30.544 [AsyncHttpClient-1-17] DEBUG org.asynchttpclient.netty.channel.ChannelManager - Adding key: http://localhost:61010 for channel [id: 0x7a8939b6, L:/127.0.0.1:21828 - R:localhost/127.0.0.1:61010]
14:29:30.547 [Forwarding get on session 4e9252be6a9084ad4a091251f2e4141f to remote] DEBUG org.asynchttpclient.netty.request.NettyRequestSender - Using pooled Channel '[id: 0x7a8939b6, L:/127.0.0.1:21828 - R:localhost/127.0.0.1:61010]' for 'POST' to 'http://localhost:61010/session/4e9252be6a9084ad4a091251f2e4141f/url'
14:29:30.547 [Forwarding get on session 4e9252be6a9084ad4a091251f2e4141f to remote] DEBUG org.asynchttpclient.netty.request.NettyRequestSender - Using open Channel [id: 0x7a8939b6, L:/127.0.0.1:21828 - R:localhost/127.0.0.1:61010] for POST '/session/4e9252be6a9084ad4a091251f2e4141f/url'
14:29:30.623 [AsyncHttpClient-1-1] DEBUG org.asynchttpclient.netty.channel.DefaultChannelPool - Entry count for : http://localhost:21829 : 1
14:29:30.623 [AsyncHttpClient-1-1] DEBUG org.asynchttpclient.netty.channel.DefaultChannelPool - Entry count for : http://localhost:21808 : 1
14:29:30.623 [AsyncHttpClient-1-1] DEBUG org.asynchttpclient.netty.channel.DefaultChannelPool - Entry count for : http://localhost:49400 : 1
14:29:30.623 [AsyncHttpClient-1-1] DEBUG org.asynchttpclient.netty.channel.DefaultChannelPool - Adding Candidate expired Channel [id: 0xbb500036, L:/127.0.0.1:21814 ! R:localhost/127.0.0.1:21808] isIdleTimeoutExpired=false isRemotelyClosed=true isTtlExpired=false
14:29:30.623 [AsyncHttpClient-1-1] DEBUG org.asynchttpclient.netty.channel.DefaultChannelPool - Closing Idle Channel [id: 0xbb500036, L:/127.0.0.1:21814 ! R:localhost/127.0.0.1:21808]
14:29:30.623 [AsyncHttpClient-1-1] DEBUG org.asynchttpclient.netty.channel.DefaultChannelPool - Adding Candidate expired Channel [id: 0x18916887, L:/127.0.0.1:21807 ! R:localhost/127.0.0.1:49400] isIdleTimeoutExpired=false isRemotelyClosed=true isTtlExpired=false
14:29:30.623 [AsyncHttpClient-1-1] DEBUG org.asynchttpclient.netty.channel.DefaultChannelPool - Closing Idle Channel [id: 0x18916887, L:/127.0.0.1:21807 ! R:localhost/127.0.0.1:49400]
14:29:30.623 [AsyncHttpClient-1-1] DEBUG org.asynchttpclient.netty.channel.DefaultChannelPool - Closed 2 connections out of 3 in 0 ms
14:29:30.930 [AsyncHttpClient-1-17] DEBUG org.asynchttpclient.netty.handler.HttpHandler - 

Request DefaultHttpRequest(decodeResult: success, version: HTTP/1.1)
POST /session/4e9252be6a9084ad4a091251f2e4141f/url HTTP/1.1
User-Agent: selenium/4.0.0 (java windows)
Content-Length: 67
Content-Type: application/json; charset=utf-8
host: localhost:61010
accept: */*

Response DefaultHttpResponse(decodeResult: success, version: HTTP/1.1)
HTTP/1.1 200 OK
Content-Type: application/json; charset=utf-8
cache-control: no-cache
content-length: 14

14:29:30.930 [AsyncHttpClient-1-17] DEBUG org.asynchttpclient.netty.channel.ChannelManager - Adding key: http://localhost:61010 for channel [id: 0x7a8939b6, L:/127.0.0.1:21828 - R:localhost/127.0.0.1:61010]
14:29:30.931 [Forwarding findElement on session 4e9252be6a9084ad4a091251f2e4141f to remote] DEBUG org.asynchttpclient.netty.request.NettyRequestSender - Using pooled Channel '[id: 0x7a8939b6, L:/127.0.0.1:21828 - R:localhost/127.0.0.1:61010]' for 'POST' to 'http://localhost:61010/session/4e9252be6a9084ad4a091251f2e4141f/element'
14:29:30.931 [Forwarding findElement on session 4e9252be6a9084ad4a091251f2e4141f to remote] DEBUG org.asynchttpclient.netty.request.NettyRequestSender - Using open Channel [id: 0x7a8939b6, L:/127.0.0.1:21828 - R:localhost/127.0.0.1:61010] for POST '/session/4e9252be6a9084ad4a091251f2e4141f/element'
14:29:30.938 [AsyncHttpClient-1-17] DEBUG org.asynchttpclient.netty.handler.HttpHandler - 

Request DefaultHttpRequest(decodeResult: success, version: HTTP/1.1)
POST /session/4e9252be6a9084ad4a091251f2e4141f/element HTTP/1.1
User-Agent: selenium/4.0.0 (java windows)
Content-Length: 69
Content-Type: application/json; charset=utf-8
host: localhost:61010
accept: */*

Response DefaultHttpResponse(decodeResult: success, version: HTTP/1.1)
HTTP/1.1 200 OK
Content-Type: application/json; charset=utf-8
cache-control: no-cache
content-length: 88

14:29:30.938 [AsyncHttpClient-1-17] DEBUG org.asynchttpclient.netty.channel.ChannelManager - Adding key: http://localhost:61010 for channel [id: 0x7a8939b6, L:/127.0.0.1:21828 - R:localhost/127.0.0.1:61010]
14:29:30.939 [Forwarding clickElement on session 4e9252be6a9084ad4a091251f2e4141f to remote] DEBUG org.asynchttpclient.netty.request.NettyRequestSender - Using pooled Channel '[id: 0x7a8939b6, L:/127.0.0.1:21828 - R:localhost/127.0.0.1:61010]' for 'POST' to 'http://localhost:61010/session/4e9252be6a9084ad4a091251f2e4141f/element/5a22a8ef-dda1-4c90-ae4b-8f056deae84a/click'
14:29:30.939 [Forwarding clickElement on session 4e9252be6a9084ad4a091251f2e4141f to remote] DEBUG org.asynchttpclient.netty.request.NettyRequestSender - Using open Channel [id: 0x7a8939b6, L:/127.0.0.1:21828 - R:localhost/127.0.0.1:61010] for POST '/session/4e9252be6a9084ad4a091251f2e4141f/element/5a22a8ef-dda1-4c90-ae4b-8f056deae84a/click'
14:29:30.963 [AsyncHttpClient-1-17] DEBUG org.asynchttpclient.netty.handler.HttpHandler - 

Request DefaultHttpRequest(decodeResult: success, version: HTTP/1.1)
POST /session/4e9252be6a9084ad4a091251f2e4141f/element/5a22a8ef-dda1-4c90-ae4b-8f056deae84a/click HTTP/1.1
User-Agent: selenium/4.0.0 (java windows)
Content-Length: 50
Content-Type: application/json; charset=utf-8
host: localhost:61010
accept: */*

Response DefaultHttpResponse(decodeResult: success, version: HTTP/1.1)
HTTP/1.1 200 OK
Content-Type: application/json; charset=utf-8
cache-control: no-cache
content-length: 14

14:29:30.963 [AsyncHttpClient-1-17] DEBUG org.asynchttpclient.netty.channel.ChannelManager - Adding key: http://localhost:61010 for channel [id: 0x7a8939b6, L:/127.0.0.1:21828 - R:localhost/127.0.0.1:61010]
14:29:30.963 [Forwarding findElement on session 4e9252be6a9084ad4a091251f2e4141f to remote] DEBUG org.asynchttpclient.netty.request.NettyRequestSender - Using pooled Channel '[id: 0x7a8939b6, L:/127.0.0.1:21828 - R:localhost/127.0.0.1:61010]' for 'POST' to 'http://localhost:61010/session/4e9252be6a9084ad4a091251f2e4141f/element'
14:29:30.963 [Forwarding findElement on session 4e9252be6a9084ad4a091251f2e4141f to remote] DEBUG org.asynchttpclient.netty.request.NettyRequestSender - Using open Channel [id: 0x7a8939b6, L:/127.0.0.1:21828 - R:localhost/127.0.0.1:61010] for POST '/session/4e9252be6a9084ad4a091251f2e4141f/element'
14:29:30.967 [AsyncHttpClient-1-17] DEBUG org.asynchttpclient.netty.handler.HttpHandler - 

Request DefaultHttpRequest(decodeResult: success, version: HTTP/1.1)
POST /session/4e9252be6a9084ad4a091251f2e4141f/element HTTP/1.1
User-Agent: selenium/4.0.0 (java windows)
Content-Length: 69
Content-Type: application/json; charset=utf-8
host: localhost:61010
accept: */*

Response DefaultHttpResponse(decodeResult: success, version: HTTP/1.1)
HTTP/1.1 200 OK
Content-Type: application/json; charset=utf-8
cache-control: no-cache
content-length: 88

14:29:30.967 [AsyncHttpClient-1-17] DEBUG org.asynchttpclient.netty.channel.ChannelManager - Adding key: http://localhost:61010 for channel [id: 0x7a8939b6, L:/127.0.0.1:21828 - R:localhost/127.0.0.1:61010]
14:29:30.968 [Forwarding sendKeysToElement on session 4e9252be6a9084ad4a091251f2e4141f to remote] DEBUG org.asynchttpclient.netty.request.NettyRequestSender - Using pooled Channel '[id: 0x7a8939b6, L:/127.0.0.1:21828 - R:localhost/127.0.0.1:61010]' for 'POST' to 'http://localhost:61010/session/4e9252be6a9084ad4a091251f2e4141f/element/5a22a8ef-dda1-4c90-ae4b-8f056deae84a/value'
14:29:30.968 [Forwarding sendKeysToElement on session 4e9252be6a9084ad4a091251f2e4141f to remote] DEBUG org.asynchttpclient.netty.request.NettyRequestSender - Using open Channel [id: 0x7a8939b6, L:/127.0.0.1:21828 - R:localhost/127.0.0.1:61010] for POST '/session/4e9252be6a9084ad4a091251f2e4141f/element/5a22a8ef-dda1-4c90-ae4b-8f056deae84a/value'
14:29:30.982 [AsyncHttpClient-1-17] DEBUG org.asynchttpclient.netty.handler.HttpHandler - 

Request DefaultHttpRequest(decodeResult: success, version: HTTP/1.1)
POST /session/4e9252be6a9084ad4a091251f2e4141f/element/5a22a8ef-dda1-4c90-ae4b-8f056deae84a/value HTTP/1.1
User-Agent: selenium/4.0.0 (java windows)
Content-Length: 171
Content-Type: application/json; charset=utf-8
host: localhost:61010
accept: */*

Response DefaultHttpResponse(decodeResult: success, version: HTTP/1.1)
HTTP/1.1 200 OK
Content-Type: application/json; charset=utf-8
cache-control: no-cache
content-length: 14

14:29:30.982 [AsyncHttpClient-1-17] DEBUG org.asynchttpclient.netty.channel.ChannelManager - Adding key: http://localhost:61010 for channel [id: 0x7a8939b6, L:/127.0.0.1:21828 - R:localhost/127.0.0.1:61010]
14:29:30.983 [Forwarding findElement on session 4e9252be6a9084ad4a091251f2e4141f to remote] DEBUG org.asynchttpclient.netty.request.NettyRequestSender - Using pooled Channel '[id: 0x7a8939b6, L:/127.0.0.1:21828 - R:localhost/127.0.0.1:61010]' for 'POST' to 'http://localhost:61010/session/4e9252be6a9084ad4a091251f2e4141f/element'
14:29:30.983 [Forwarding findElement on session 4e9252be6a9084ad4a091251f2e4141f to remote] DEBUG org.asynchttpclient.netty.request.NettyRequestSender - Using open Channel [id: 0x7a8939b6, L:/127.0.0.1:21828 - R:localhost/127.0.0.1:61010] for POST '/session/4e9252be6a9084ad4a091251f2e4141f/element'
14:29:30.989 [AsyncHttpClient-1-17] DEBUG org.asynchttpclient.netty.handler.HttpHandler - 

Request DefaultHttpRequest(decodeResult: success, version: HTTP/1.1)
POST /session/4e9252be6a9084ad4a091251f2e4141f/element HTTP/1.1
User-Agent: selenium/4.0.0 (java windows)
Content-Length: 72
Content-Type: application/json; charset=utf-8
host: localhost:61010
accept: */*

Response DefaultHttpResponse(decodeResult: success, version: HTTP/1.1)
HTTP/1.1 200 OK
Content-Type: application/json; charset=utf-8
cache-control: no-cache
content-length: 88

14:29:30.989 [AsyncHttpClient-1-17] DEBUG org.asynchttpclient.netty.channel.ChannelManager - Adding key: http://localhost:61010 for channel [id: 0x7a8939b6, L:/127.0.0.1:21828 - R:localhost/127.0.0.1:61010]
14:29:30.990 [Forwarding clickElement on session 4e9252be6a9084ad4a091251f2e4141f to remote] DEBUG org.asynchttpclient.netty.request.NettyRequestSender - Using pooled Channel '[id: 0x7a8939b6, L:/127.0.0.1:21828 - R:localhost/127.0.0.1:61010]' for 'POST' to 'http://localhost:61010/session/4e9252be6a9084ad4a091251f2e4141f/element/2d78106c-001a-47c3-8836-a7da3af11036/click'
14:29:30.990 [Forwarding clickElement on session 4e9252be6a9084ad4a091251f2e4141f to remote] DEBUG org.asynchttpclient.netty.request.NettyRequestSender - Using open Channel [id: 0x7a8939b6, L:/127.0.0.1:21828 - R:localhost/127.0.0.1:61010] for POST '/session/4e9252be6a9084ad4a091251f2e4141f/element/2d78106c-001a-47c3-8836-a7da3af11036/click'
14:29:31.010 [AsyncHttpClient-1-17] DEBUG org.asynchttpclient.netty.handler.HttpHandler - 

Request DefaultHttpRequest(decodeResult: success, version: HTTP/1.1)
POST /session/4e9252be6a9084ad4a091251f2e4141f/element/2d78106c-001a-47c3-8836-a7da3af11036/click HTTP/1.1
User-Agent: selenium/4.0.0 (java windows)
Content-Length: 50
Content-Type: application/json; charset=utf-8
host: localhost:61010
accept: */*

Response DefaultHttpResponse(decodeResult: success, version: HTTP/1.1)
HTTP/1.1 200 OK
Content-Type: application/json; charset=utf-8
cache-control: no-cache
content-length: 14

14:29:31.010 [AsyncHttpClient-1-17] DEBUG org.asynchttpclient.netty.channel.ChannelManager - Adding key: http://localhost:61010 for channel [id: 0x7a8939b6, L:/127.0.0.1:21828 - R:localhost/127.0.0.1:61010]
14:29:31.011 [Forwarding findElement on session 4e9252be6a9084ad4a091251f2e4141f to remote] DEBUG org.asynchttpclient.netty.request.NettyRequestSender - Using pooled Channel '[id: 0x7a8939b6, L:/127.0.0.1:21828 - R:localhost/127.0.0.1:61010]' for 'POST' to 'http://localhost:61010/session/4e9252be6a9084ad4a091251f2e4141f/element'
14:29:31.011 [Forwarding findElement on session 4e9252be6a9084ad4a091251f2e4141f to remote] DEBUG org.asynchttpclient.netty.request.NettyRequestSender - Using open Channel [id: 0x7a8939b6, L:/127.0.0.1:21828 - R:localhost/127.0.0.1:61010] for POST '/session/4e9252be6a9084ad4a091251f2e4141f/element'
14:29:31.016 [AsyncHttpClient-1-17] DEBUG org.asynchttpclient.netty.handler.HttpHandler - 

Request DefaultHttpRequest(decodeResult: success, version: HTTP/1.1)
POST /session/4e9252be6a9084ad4a091251f2e4141f/element HTTP/1.1
User-Agent: selenium/4.0.0 (java windows)
Content-Length: 72
Content-Type: application/json; charset=utf-8
host: localhost:61010
accept: */*

Response DefaultHttpResponse(decodeResult: success, version: HTTP/1.1)
HTTP/1.1 200 OK
Content-Type: application/json; charset=utf-8
cache-control: no-cache
content-length: 88

14:29:31.016 [AsyncHttpClient-1-17] DEBUG org.asynchttpclient.netty.channel.ChannelManager - Adding key: http://localhost:61010 for channel [id: 0x7a8939b6, L:/127.0.0.1:21828 - R:localhost/127.0.0.1:61010]
14:29:31.017 [Forwarding sendKeysToElement on session 4e9252be6a9084ad4a091251f2e4141f to remote] DEBUG org.asynchttpclient.netty.request.NettyRequestSender - Using pooled Channel '[id: 0x7a8939b6, L:/127.0.0.1:21828 - R:localhost/127.0.0.1:61010]' for 'POST' to 'http://localhost:61010/session/4e9252be6a9084ad4a091251f2e4141f/element/2d78106c-001a-47c3-8836-a7da3af11036/value'
14:29:31.018 [Forwarding sendKeysToElement on session 4e9252be6a9084ad4a091251f2e4141f to remote] DEBUG org.asynchttpclient.netty.request.NettyRequestSender - Using open Channel [id: 0x7a8939b6, L:/127.0.0.1:21828 - R:localhost/127.0.0.1:61010] for POST '/session/4e9252be6a9084ad4a091251f2e4141f/element/2d78106c-001a-47c3-8836-a7da3af11036/value'
14:29:31.034 [AsyncHttpClient-1-17] DEBUG org.asynchttpclient.netty.handler.HttpHandler - 

Request DefaultHttpRequest(decodeResult: success, version: HTTP/1.1)
POST /session/4e9252be6a9084ad4a091251f2e4141f/element/2d78106c-001a-47c3-8836-a7da3af11036/value HTTP/1.1
User-Agent: selenium/4.0.0 (java windows)
Content-Length: 231
Content-Type: application/json; charset=utf-8
host: localhost:61010
accept: */*

Response DefaultHttpResponse(decodeResult: success, version: HTTP/1.1)
HTTP/1.1 200 OK
Content-Type: application/json; charset=utf-8
cache-control: no-cache
content-length: 14

14:29:31.034 [AsyncHttpClient-1-17] DEBUG org.asynchttpclient.netty.channel.ChannelManager - Adding key: http://localhost:61010 for channel [id: 0x7a8939b6, L:/127.0.0.1:21828 - R:localhost/127.0.0.1:61010]
14:29:31.035 [Forwarding findElement on session 4e9252be6a9084ad4a091251f2e4141f to remote] DEBUG org.asynchttpclient.netty.request.NettyRequestSender - Using pooled Channel '[id: 0x7a8939b6, L:/127.0.0.1:21828 - R:localhost/127.0.0.1:61010]' for 'POST' to 'http://localhost:61010/session/4e9252be6a9084ad4a091251f2e4141f/element'
14:29:31.035 [Forwarding findElement on session 4e9252be6a9084ad4a091251f2e4141f to remote] DEBUG org.asynchttpclient.netty.request.NettyRequestSender - Using open Channel [id: 0x7a8939b6, L:/127.0.0.1:21828 - R:localhost/127.0.0.1:61010] for POST '/session/4e9252be6a9084ad4a091251f2e4141f/element'
14:29:31.041 [AsyncHttpClient-1-17] DEBUG org.asynchttpclient.netty.handler.HttpHandler - 

Request DefaultHttpRequest(decodeResult: success, version: HTTP/1.1)
POST /session/4e9252be6a9084ad4a091251f2e4141f/element HTTP/1.1
User-Agent: selenium/4.0.0 (java windows)
Content-Length: 76
Content-Type: application/json; charset=utf-8
host: localhost:61010
accept: */*

Response DefaultHttpResponse(decodeResult: success, version: HTTP/1.1)
HTTP/1.1 200 OK
Content-Type: application/json; charset=utf-8
cache-control: no-cache
content-length: 88

14:29:31.041 [AsyncHttpClient-1-17] DEBUG org.asynchttpclient.netty.channel.ChannelManager - Adding key: http://localhost:61010 for channel [id: 0x7a8939b6, L:/127.0.0.1:21828 - R:localhost/127.0.0.1:61010]
14:29:31.042 [Forwarding clickElement on session 4e9252be6a9084ad4a091251f2e4141f to remote] DEBUG org.asynchttpclient.netty.request.NettyRequestSender - Using pooled Channel '[id: 0x7a8939b6, L:/127.0.0.1:21828 - R:localhost/127.0.0.1:61010]' for 'POST' to 'http://localhost:61010/session/4e9252be6a9084ad4a091251f2e4141f/element/de88adf6-4c83-4206-90a3-5d5c5120e6a1/click'
14:29:31.042 [Forwarding clickElement on session 4e9252be6a9084ad4a091251f2e4141f to remote] DEBUG org.asynchttpclient.netty.request.NettyRequestSender - Using open Channel [id: 0x7a8939b6, L:/127.0.0.1:21828 - R:localhost/127.0.0.1:61010] for POST '/session/4e9252be6a9084ad4a091251f2e4141f/element/de88adf6-4c83-4206-90a3-5d5c5120e6a1/click'
14:29:31.719 [AsyncHttpClient-1-1] DEBUG org.asynchttpclient.netty.channel.DefaultChannelPool - Entry count for : http://localhost:21829 : 1
14:29:32.266 [AsyncHttpClient-1-17] DEBUG org.asynchttpclient.netty.handler.HttpHandler - 

Request DefaultHttpRequest(decodeResult: success, version: HTTP/1.1)
POST /session/4e9252be6a9084ad4a091251f2e4141f/element/de88adf6-4c83-4206-90a3-5d5c5120e6a1/click HTTP/1.1
User-Agent: selenium/4.0.0 (java windows)
Content-Length: 50
Content-Type: application/json; charset=utf-8
host: localhost:61010
accept: */*

Response DefaultHttpResponse(decodeResult: success, version: HTTP/1.1)
HTTP/1.1 200 OK
Content-Type: application/json; charset=utf-8
cache-control: no-cache
content-length: 14

14:29:32.267 [AsyncHttpClient-1-17] DEBUG org.asynchttpclient.netty.channel.ChannelManager - Adding key: http://localhost:61010 for channel [id: 0x7a8939b6, L:/127.0.0.1:21828 - R:localhost/127.0.0.1:61010]
14:29:32.268 [Forwarding switchToFrame on session 4e9252be6a9084ad4a091251f2e4141f to remote] DEBUG org.asynchttpclient.netty.request.NettyRequestSender - Using pooled Channel '[id: 0x7a8939b6, L:/127.0.0.1:21828 - R:localhost/127.0.0.1:61010]' for 'POST' to 'http://localhost:61010/session/4e9252be6a9084ad4a091251f2e4141f/frame'
14:29:32.268 [Forwarding switchToFrame on session 4e9252be6a9084ad4a091251f2e4141f to remote] DEBUG org.asynchttpclient.netty.request.NettyRequestSender - Using open Channel [id: 0x7a8939b6, L:/127.0.0.1:21828 - R:localhost/127.0.0.1:61010] for POST '/session/4e9252be6a9084ad4a091251f2e4141f/frame'
14:29:32.271 [AsyncHttpClient-1-17] DEBUG org.asynchttpclient.netty.handler.HttpHandler - 

Request DefaultHttpRequest(decodeResult: success, version: HTTP/1.1)
POST /session/4e9252be6a9084ad4a091251f2e4141f/frame HTTP/1.1
User-Agent: selenium/4.0.0 (java windows)
Content-Length: 13
Content-Type: application/json; charset=utf-8
host: localhost:61010
accept: */*

Response DefaultHttpResponse(decodeResult: success, version: HTTP/1.1)
HTTP/1.1 200 OK
Content-Type: application/json; charset=utf-8
cache-control: no-cache
content-length: 14

14:29:32.271 [AsyncHttpClient-1-17] DEBUG org.asynchttpclient.netty.channel.ChannelManager - Adding key: http://localhost:61010 for channel [id: 0x7a8939b6, L:/127.0.0.1:21828 - R:localhost/127.0.0.1:61010]
14:29:32.273 [Forwarding findElement on session 4e9252be6a9084ad4a091251f2e4141f to remote] DEBUG org.asynchttpclient.netty.request.NettyRequestSender - Using pooled Channel '[id: 0x7a8939b6, L:/127.0.0.1:21828 - R:localhost/127.0.0.1:61010]' for 'POST' to 'http://localhost:61010/session/4e9252be6a9084ad4a091251f2e4141f/element'
14:29:32.273 [Forwarding findElement on session 4e9252be6a9084ad4a091251f2e4141f to remote] DEBUG org.asynchttpclient.netty.request.NettyRequestSender - Using open Channel [id: 0x7a8939b6, L:/127.0.0.1:21828 - R:localhost/127.0.0.1:61010] for POST '/session/4e9252be6a9084ad4a091251f2e4141f/element'
14:29:32.279 [AsyncHttpClient-1-17] DEBUG org.asynchttpclient.netty.handler.HttpHandler - 

Request DefaultHttpRequest(decodeResult: success, version: HTTP/1.1)
POST /session/4e9252be6a9084ad4a091251f2e4141f/element HTTP/1.1
User-Agent: selenium/4.0.0 (java windows)
Content-Length: 69
Content-Type: application/json; charset=utf-8
host: localhost:61010
accept: */*

Response DefaultHttpResponse(decodeResult: success, version: HTTP/1.1)
HTTP/1.1 200 OK
Content-Type: application/json; charset=utf-8
cache-control: no-cache
content-length: 88

14:29:32.279 [AsyncHttpClient-1-17] DEBUG org.asynchttpclient.netty.channel.ChannelManager - Adding key: http://localhost:61010 for channel [id: 0x7a8939b6, L:/127.0.0.1:21828 - R:localhost/127.0.0.1:61010]
14:29:32.280 [Forwarding clickElement on session 4e9252be6a9084ad4a091251f2e4141f to remote] DEBUG org.asynchttpclient.netty.request.NettyRequestSender - Using pooled Channel '[id: 0x7a8939b6, L:/127.0.0.1:21828 - R:localhost/127.0.0.1:61010]' for 'POST' to 'http://localhost:61010/session/4e9252be6a9084ad4a091251f2e4141f/element/d083e15c-241e-4e3b-9c34-2e30d4700e9c/click'
14:29:32.280 [Forwarding clickElement on session 4e9252be6a9084ad4a091251f2e4141f to remote] DEBUG org.asynchttpclient.netty.request.NettyRequestSender - Using open Channel [id: 0x7a8939b6, L:/127.0.0.1:21828 - R:localhost/127.0.0.1:61010] for POST '/session/4e9252be6a9084ad4a091251f2e4141f/element/d083e15c-241e-4e3b-9c34-2e30d4700e9c/click'
14:29:32.315 [AsyncHttpClient-1-17] DEBUG org.asynchttpclient.netty.handler.HttpHandler - 

Request DefaultHttpRequest(decodeResult: success, version: HTTP/1.1)
POST /session/4e9252be6a9084ad4a091251f2e4141f/element/d083e15c-241e-4e3b-9c34-2e30d4700e9c/click HTTP/1.1
User-Agent: selenium/4.0.0 (java windows)
Content-Length: 50
Content-Type: application/json; charset=utf-8
host: localhost:61010
accept: */*

Response DefaultHttpResponse(decodeResult: success, version: HTTP/1.1)
HTTP/1.1 200 OK
Content-Type: application/json; charset=utf-8
cache-control: no-cache
content-length: 14

14:29:32.315 [AsyncHttpClient-1-17] DEBUG org.asynchttpclient.netty.channel.ChannelManager - Adding key: http://localhost:61010 for channel [id: 0x7a8939b6, L:/127.0.0.1:21828 - R:localhost/127.0.0.1:61010]
14:29:32.315 [Forwarding switchToParentFrame on session 4e9252be6a9084ad4a091251f2e4141f to remote] DEBUG org.asynchttpclient.netty.request.NettyRequestSender - Using pooled Channel '[id: 0x7a8939b6, L:/127.0.0.1:21828 - R:localhost/127.0.0.1:61010]' for 'POST' to 'http://localhost:61010/session/4e9252be6a9084ad4a091251f2e4141f/frame/parent'
14:29:32.315 [Forwarding switchToParentFrame on session 4e9252be6a9084ad4a091251f2e4141f to remote] DEBUG org.asynchttpclient.netty.request.NettyRequestSender - Using open Channel [id: 0x7a8939b6, L:/127.0.0.1:21828 - R:localhost/127.0.0.1:61010] for POST '/session/4e9252be6a9084ad4a091251f2e4141f/frame/parent'
14:29:32.316 [AsyncHttpClient-1-17] DEBUG org.asynchttpclient.netty.handler.HttpHandler - 

Request DefaultHttpRequest(decodeResult: success, version: HTTP/1.1)
POST /session/4e9252be6a9084ad4a091251f2e4141f/frame/parent HTTP/1.1
User-Agent: selenium/4.0.0 (java windows)
Content-Length: 3
Content-Type: application/json; charset=utf-8
host: localhost:61010
accept: */*

Response DefaultHttpResponse(decodeResult: success, version: HTTP/1.1)
HTTP/1.1 200 OK
Content-Type: application/json; charset=utf-8
cache-control: no-cache
content-length: 14

14:29:32.316 [AsyncHttpClient-1-17] DEBUG org.asynchttpclient.netty.channel.ChannelManager - Adding key: http://localhost:61010 for channel [id: 0x7a8939b6, L:/127.0.0.1:21828 - R:localhost/127.0.0.1:61010]
14:29:32.317 [Forwarding switchToFrame on session 4e9252be6a9084ad4a091251f2e4141f to remote] DEBUG org.asynchttpclient.netty.request.NettyRequestSender - Using pooled Channel '[id: 0x7a8939b6, L:/127.0.0.1:21828 - R:localhost/127.0.0.1:61010]' for 'POST' to 'http://localhost:61010/session/4e9252be6a9084ad4a091251f2e4141f/frame'
14:29:32.317 [Forwarding switchToFrame on session 4e9252be6a9084ad4a091251f2e4141f to remote] DEBUG org.asynchttpclient.netty.request.NettyRequestSender - Using open Channel [id: 0x7a8939b6, L:/127.0.0.1:21828 - R:localhost/127.0.0.1:61010] for POST '/session/4e9252be6a9084ad4a091251f2e4141f/frame'
14:29:32.818 [AsyncHttpClient-1-1] DEBUG org.asynchttpclient.netty.channel.DefaultChannelPool - Entry count for : http://localhost:21829 : 1
14:29:32.950 [AsyncHttpClient-1-17] DEBUG org.asynchttpclient.netty.handler.HttpHandler - 

Request DefaultHttpRequest(decodeResult: success, version: HTTP/1.1)
POST /session/4e9252be6a9084ad4a091251f2e4141f/frame HTTP/1.1
User-Agent: selenium/4.0.0 (java windows)
Content-Length: 13
Content-Type: application/json; charset=utf-8
host: localhost:61010
accept: */*

Response DefaultHttpResponse(decodeResult: success, version: HTTP/1.1)
HTTP/1.1 200 OK
Content-Type: application/json; charset=utf-8
cache-control: no-cache
content-length: 14

14:29:32.950 [AsyncHttpClient-1-17] DEBUG org.asynchttpclient.netty.channel.ChannelManager - Adding key: http://localhost:61010 for channel [id: 0x7a8939b6, L:/127.0.0.1:21828 - R:localhost/127.0.0.1:61010]
14:29:32.951 [Forwarding switchToFrame on session 4e9252be6a9084ad4a091251f2e4141f to remote] DEBUG org.asynchttpclient.netty.request.NettyRequestSender - Using pooled Channel '[id: 0x7a8939b6, L:/127.0.0.1:21828 - R:localhost/127.0.0.1:61010]' for 'POST' to 'http://localhost:61010/session/4e9252be6a9084ad4a091251f2e4141f/frame'
14:29:32.951 [Forwarding switchToFrame on session 4e9252be6a9084ad4a091251f2e4141f to remote] DEBUG org.asynchttpclient.netty.request.NettyRequestSender - Using open Channel [id: 0x7a8939b6, L:/127.0.0.1:21828 - R:localhost/127.0.0.1:61010] for POST '/session/4e9252be6a9084ad4a091251f2e4141f/frame'
14:29:32.955 [AsyncHttpClient-1-17] DEBUG org.asynchttpclient.netty.handler.HttpHandler - 

Request DefaultHttpRequest(decodeResult: success, version: HTTP/1.1)
POST /session/4e9252be6a9084ad4a091251f2e4141f/frame HTTP/1.1
User-Agent: selenium/4.0.0 (java windows)
Content-Length: 13
Content-Type: application/json; charset=utf-8
host: localhost:61010
accept: */*

Response DefaultHttpResponse(decodeResult: success, version: HTTP/1.1)
HTTP/1.1 200 OK
Content-Type: application/json; charset=utf-8
cache-control: no-cache
content-length: 14

14:29:32.956 [AsyncHttpClient-1-17] DEBUG org.asynchttpclient.netty.channel.ChannelManager - Adding key: http://localhost:61010 for channel [id: 0x7a8939b6, L:/127.0.0.1:21828 - R:localhost/127.0.0.1:61010]
14:29:32.956 [Forwarding findElement on session 4e9252be6a9084ad4a091251f2e4141f to remote] DEBUG org.asynchttpclient.netty.request.NettyRequestSender - Using pooled Channel '[id: 0x7a8939b6, L:/127.0.0.1:21828 - R:localhost/127.0.0.1:61010]' for 'POST' to 'http://localhost:61010/session/4e9252be6a9084ad4a091251f2e4141f/element'
14:29:32.956 [Forwarding findElement on session 4e9252be6a9084ad4a091251f2e4141f to remote] DEBUG org.asynchttpclient.netty.request.NettyRequestSender - Using open Channel [id: 0x7a8939b6, L:/127.0.0.1:21828 - R:localhost/127.0.0.1:61010] for POST '/session/4e9252be6a9084ad4a091251f2e4141f/element'
14:29:32.963 [AsyncHttpClient-1-17] DEBUG org.asynchttpclient.netty.handler.HttpHandler - 

Request DefaultHttpRequest(decodeResult: success, version: HTTP/1.1)
POST /session/4e9252be6a9084ad4a091251f2e4141f/element HTTP/1.1
User-Agent: selenium/4.0.0 (java windows)
Content-Length: 59
Content-Type: application/json; charset=utf-8
host: localhost:61010
accept: */*

Response DefaultHttpResponse(decodeResult: success, version: HTTP/1.1)
HTTP/1.1 200 OK
Content-Type: application/json; charset=utf-8
cache-control: no-cache
content-length: 88

14:29:32.963 [AsyncHttpClient-1-17] DEBUG org.asynchttpclient.netty.channel.ChannelManager - Adding key: http://localhost:61010 for channel [id: 0x7a8939b6, L:/127.0.0.1:21828 - R:localhost/127.0.0.1:61010]
14:29:32.963 [Forwarding clickElement on session 4e9252be6a9084ad4a091251f2e4141f to remote] DEBUG org.asynchttpclient.netty.request.NettyRequestSender - Using pooled Channel '[id: 0x7a8939b6, L:/127.0.0.1:21828 - R:localhost/127.0.0.1:61010]' for 'POST' to 'http://localhost:61010/session/4e9252be6a9084ad4a091251f2e4141f/element/6de13ffd-f56d-40cf-9c95-23abe54a72e1/click'
14:29:32.963 [Forwarding clickElement on session 4e9252be6a9084ad4a091251f2e4141f to remote] DEBUG org.asynchttpclient.netty.request.NettyRequestSender - Using open Channel [id: 0x7a8939b6, L:/127.0.0.1:21828 - R:localhost/127.0.0.1:61010] for POST '/session/4e9252be6a9084ad4a091251f2e4141f/element/6de13ffd-f56d-40cf-9c95-23abe54a72e1/click'
14:29:33.021 [AsyncHttpClient-1-17] DEBUG org.asynchttpclient.netty.handler.HttpHandler - 

Request DefaultHttpRequest(decodeResult: success, version: HTTP/1.1)
POST /session/4e9252be6a9084ad4a091251f2e4141f/element/6de13ffd-f56d-40cf-9c95-23abe54a72e1/click HTTP/1.1
User-Agent: selenium/4.0.0 (java windows)
Content-Length: 50
Content-Type: application/json; charset=utf-8
host: localhost:61010
accept: */*

Response DefaultHttpResponse(decodeResult: success, version: HTTP/1.1)
HTTP/1.1 200 OK
Content-Type: application/json; charset=utf-8
cache-control: no-cache
content-length: 14

14:29:33.021 [AsyncHttpClient-1-17] DEBUG org.asynchttpclient.netty.channel.ChannelManager - Adding key: http://localhost:61010 for channel [id: 0x7a8939b6, L:/127.0.0.1:21828 - R:localhost/127.0.0.1:61010]
14:29:33.023 [Forwarding findElement on session 4e9252be6a9084ad4a091251f2e4141f to remote] DEBUG org.asynchttpclient.netty.request.NettyRequestSender - Using pooled Channel '[id: 0x7a8939b6, L:/127.0.0.1:21828 - R:localhost/127.0.0.1:61010]' for 'POST' to 'http://localhost:61010/session/4e9252be6a9084ad4a091251f2e4141f/element'
14:29:33.023 [Forwarding findElement on session 4e9252be6a9084ad4a091251f2e4141f to remote] DEBUG org.asynchttpclient.netty.request.NettyRequestSender - Using open Channel [id: 0x7a8939b6, L:/127.0.0.1:21828 - R:localhost/127.0.0.1:61010] for POST '/session/4e9252be6a9084ad4a091251f2e4141f/element'
14:29:33.350 [AsyncHttpClient-1-17] DEBUG org.asynchttpclient.netty.handler.HttpHandler - 

Request DefaultHttpRequest(decodeResult: success, version: HTTP/1.1)
POST /session/4e9252be6a9084ad4a091251f2e4141f/element HTTP/1.1
User-Agent: selenium/4.0.0 (java windows)
Content-Length: 55
Content-Type: application/json; charset=utf-8
host: localhost:61010
accept: */*

Response DefaultHttpResponse(decodeResult: success, version: HTTP/1.1)
HTTP/1.1 200 OK
Content-Type: application/json; charset=utf-8
cache-control: no-cache
content-length: 88

14:29:33.350 [AsyncHttpClient-1-17] DEBUG org.asynchttpclient.netty.channel.ChannelManager - Adding key: http://localhost:61010 for channel [id: 0x7a8939b6, L:/127.0.0.1:21828 - R:localhost/127.0.0.1:61010]
14:29:33.351 [Forwarding actions on session 4e9252be6a9084ad4a091251f2e4141f to remote] DEBUG org.asynchttpclient.netty.request.NettyRequestSender - Using pooled Channel '[id: 0x7a8939b6, L:/127.0.0.1:21828 - R:localhost/127.0.0.1:61010]' for 'POST' to 'http://localhost:61010/session/4e9252be6a9084ad4a091251f2e4141f/actions'
14:29:33.351 [Forwarding actions on session 4e9252be6a9084ad4a091251f2e4141f to remote] DEBUG org.asynchttpclient.netty.request.NettyRequestSender - Using open Channel [id: 0x7a8939b6, L:/127.0.0.1:21828 - R:localhost/127.0.0.1:61010] for POST '/session/4e9252be6a9084ad4a091251f2e4141f/actions'
14:29:33.511 [AsyncHttpClient-1-17] DEBUG org.asynchttpclient.netty.handler.HttpHandler - 

Request DefaultHttpRequest(decodeResult: success, version: HTTP/1.1)
POST /session/4e9252be6a9084ad4a091251f2e4141f/actions HTTP/1.1
User-Agent: selenium/4.0.0 (java windows)
Content-Length: 780
Content-Type: application/json; charset=utf-8
host: localhost:61010
accept: */*

Response DefaultHttpResponse(decodeResult: success, version: HTTP/1.1)
HTTP/1.1 200 OK
Content-Type: application/json; charset=utf-8
cache-control: no-cache
content-length: 14

14:29:33.511 [AsyncHttpClient-1-17] DEBUG org.asynchttpclient.netty.channel.ChannelManager - Adding key: http://localhost:61010 for channel [id: 0x7a8939b6, L:/127.0.0.1:21828 - R:localhost/127.0.0.1:61010]
14:29:33.513 [Forwarding findElement on session 4e9252be6a9084ad4a091251f2e4141f to remote] DEBUG org.asynchttpclient.netty.request.NettyRequestSender - Using pooled Channel '[id: 0x7a8939b6, L:/127.0.0.1:21828 - R:localhost/127.0.0.1:61010]' for 'POST' to 'http://localhost:61010/session/4e9252be6a9084ad4a091251f2e4141f/element'
14:29:33.513 [Forwarding findElement on session 4e9252be6a9084ad4a091251f2e4141f to remote] DEBUG org.asynchttpclient.netty.request.NettyRequestSender - Using open Channel [id: 0x7a8939b6, L:/127.0.0.1:21828 - R:localhost/127.0.0.1:61010] for POST '/session/4e9252be6a9084ad4a091251f2e4141f/element'
14:29:33.875 [AsyncHttpClient-1-17] DEBUG org.asynchttpclient.netty.handler.HttpHandler - 

Request DefaultHttpRequest(decodeResult: success, version: HTTP/1.1)
POST /session/4e9252be6a9084ad4a091251f2e4141f/element HTTP/1.1
User-Agent: selenium/4.0.0 (java windows)
Content-Length: 70
Content-Type: application/json; charset=utf-8
host: localhost:61010
accept: */*

Response DefaultHttpResponse(decodeResult: success, version: HTTP/1.1)
HTTP/1.1 200 OK
Content-Type: application/json; charset=utf-8
cache-control: no-cache
content-length: 88

14:29:33.875 [AsyncHttpClient-1-17] DEBUG org.asynchttpclient.netty.channel.ChannelManager - Adding key: http://localhost:61010 for channel [id: 0x7a8939b6, L:/127.0.0.1:21828 - R:localhost/127.0.0.1:61010]
14:29:33.876 [Forwarding clickElement on session 4e9252be6a9084ad4a091251f2e4141f to remote] DEBUG org.asynchttpclient.netty.request.NettyRequestSender - Using pooled Channel '[id: 0x7a8939b6, L:/127.0.0.1:21828 - R:localhost/127.0.0.1:61010]' for 'POST' to 'http://localhost:61010/session/4e9252be6a9084ad4a091251f2e4141f/element/d030081f-cf0d-43d6-83bd-7f0ca24b9d22/click'
14:29:33.876 [Forwarding clickElement on session 4e9252be6a9084ad4a091251f2e4141f to remote] DEBUG org.asynchttpclient.netty.request.NettyRequestSender - Using open Channel [id: 0x7a8939b6, L:/127.0.0.1:21828 - R:localhost/127.0.0.1:61010] for POST '/session/4e9252be6a9084ad4a091251f2e4141f/element/d030081f-cf0d-43d6-83bd-7f0ca24b9d22/click'
14:29:33.920 [AsyncHttpClient-1-1] DEBUG org.asynchttpclient.netty.channel.DefaultChannelPool - Entry count for : http://localhost:21829 : 1
14:29:34.105 [AsyncHttpClient-1-17] DEBUG org.asynchttpclient.netty.handler.HttpHandler - 

Request DefaultHttpRequest(decodeResult: success, version: HTTP/1.1)
POST /session/4e9252be6a9084ad4a091251f2e4141f/element/d030081f-cf0d-43d6-83bd-7f0ca24b9d22/click HTTP/1.1
User-Agent: selenium/4.0.0 (java windows)
Content-Length: 50
Content-Type: application/json; charset=utf-8
host: localhost:61010
accept: */*

Response DefaultHttpResponse(decodeResult: success, version: HTTP/1.1)
HTTP/1.1 200 OK
Content-Type: application/json; charset=utf-8
cache-control: no-cache
content-length: 14

14:29:34.105 [AsyncHttpClient-1-17] DEBUG org.asynchttpclient.netty.channel.ChannelManager - Adding key: http://localhost:61010 for channel [id: 0x7a8939b6, L:/127.0.0.1:21828 - R:localhost/127.0.0.1:61010]
14:29:34.106 [Forwarding switchToParentFrame on session 4e9252be6a9084ad4a091251f2e4141f to remote] DEBUG org.asynchttpclient.netty.request.NettyRequestSender - Using pooled Channel '[id: 0x7a8939b6, L:/127.0.0.1:21828 - R:localhost/127.0.0.1:61010]' for 'POST' to 'http://localhost:61010/session/4e9252be6a9084ad4a091251f2e4141f/frame/parent'
14:29:34.106 [Forwarding switchToParentFrame on session 4e9252be6a9084ad4a091251f2e4141f to remote] DEBUG org.asynchttpclient.netty.request.NettyRequestSender - Using open Channel [id: 0x7a8939b6, L:/127.0.0.1:21828 - R:localhost/127.0.0.1:61010] for POST '/session/4e9252be6a9084ad4a091251f2e4141f/frame/parent'
14:29:34.107 [AsyncHttpClient-1-17] DEBUG org.asynchttpclient.netty.handler.HttpHandler - 

Request DefaultHttpRequest(decodeResult: success, version: HTTP/1.1)
POST /session/4e9252be6a9084ad4a091251f2e4141f/frame/parent HTTP/1.1
User-Agent: selenium/4.0.0 (java windows)
Content-Length: 3
Content-Type: application/json; charset=utf-8
host: localhost:61010
accept: */*

Response DefaultHttpResponse(decodeResult: success, version: HTTP/1.1)
HTTP/1.1 200 OK
Content-Type: application/json; charset=utf-8
cache-control: no-cache
content-length: 14

14:29:34.107 [AsyncHttpClient-1-17] DEBUG org.asynchttpclient.netty.channel.ChannelManager - Adding key: http://localhost:61010 for channel [id: 0x7a8939b6, L:/127.0.0.1:21828 - R:localhost/127.0.0.1:61010]
14:29:34.108 [Forwarding switchToFrame on session 4e9252be6a9084ad4a091251f2e4141f to remote] DEBUG org.asynchttpclient.netty.request.NettyRequestSender - Using pooled Channel '[id: 0x7a8939b6, L:/127.0.0.1:21828 - R:localhost/127.0.0.1:61010]' for 'POST' to 'http://localhost:61010/session/4e9252be6a9084ad4a091251f2e4141f/frame'
14:29:34.108 [Forwarding switchToFrame on session 4e9252be6a9084ad4a091251f2e4141f to remote] DEBUG org.asynchttpclient.netty.request.NettyRequestSender - Using open Channel [id: 0x7a8939b6, L:/127.0.0.1:21828 - R:localhost/127.0.0.1:61010] for POST '/session/4e9252be6a9084ad4a091251f2e4141f/frame'
14:29:34.112 [AsyncHttpClient-1-17] DEBUG org.asynchttpclient.netty.handler.HttpHandler - 

Request DefaultHttpRequest(decodeResult: success, version: HTTP/1.1)
POST /session/4e9252be6a9084ad4a091251f2e4141f/frame HTTP/1.1
User-Agent: selenium/4.0.0 (java windows)
Content-Length: 13
Content-Type: application/json; charset=utf-8
host: localhost:61010
accept: */*

Response DefaultHttpResponse(decodeResult: success, version: HTTP/1.1)
HTTP/1.1 200 OK
Content-Type: application/json; charset=utf-8
cache-control: no-cache
content-length: 14

14:29:34.112 [AsyncHttpClient-1-17] DEBUG org.asynchttpclient.netty.channel.ChannelManager - Adding key: http://localhost:61010 for channel [id: 0x7a8939b6, L:/127.0.0.1:21828 - R:localhost/127.0.0.1:61010]
14:29:34.113 [Forwarding findElement on session 4e9252be6a9084ad4a091251f2e4141f to remote] DEBUG org.asynchttpclient.netty.request.NettyRequestSender - Using pooled Channel '[id: 0x7a8939b6, L:/127.0.0.1:21828 - R:localhost/127.0.0.1:61010]' for 'POST' to 'http://localhost:61010/session/4e9252be6a9084ad4a091251f2e4141f/element'
14:29:34.113 [Forwarding findElement on session 4e9252be6a9084ad4a091251f2e4141f to remote] DEBUG org.asynchttpclient.netty.request.NettyRequestSender - Using open Channel [id: 0x7a8939b6, L:/127.0.0.1:21828 - R:localhost/127.0.0.1:61010] for POST '/session/4e9252be6a9084ad4a091251f2e4141f/element'
14:29:35.022 [AsyncHttpClient-1-1] DEBUG org.asynchttpclient.netty.channel.DefaultChannelPool - Entry count for : http://localhost:21829 : 1
14:29:36.119 [AsyncHttpClient-1-1] DEBUG org.asynchttpclient.netty.channel.DefaultChannelPool - Entry count for : http://localhost:21829 : 1
14:29:37.219 [AsyncHttpClient-1-1] DEBUG org.asynchttpclient.netty.channel.DefaultChannelPool - Entry count for : http://localhost:21829 : 1
14:29:38.324 [AsyncHttpClient-1-1] DEBUG org.asynchttpclient.netty.channel.DefaultChannelPool - Entry count for : http://localhost:21829 : 1
14:29:39.418 [AsyncHttpClient-1-1] DEBUG org.asynchttpclient.netty.channel.DefaultChannelPool - Entry count for : http://localhost:21829 : 1
14:29:40.519 [AsyncHttpClient-1-1] DEBUG org.asynchttpclient.netty.channel.DefaultChannelPool - Entry count for : http://localhost:21829 : 1
14:29:41.618 [AsyncHttpClient-1-1] DEBUG org.asynchttpclient.netty.channel.DefaultChannelPool - Entry count for : http://localhost:21829 : 1
14:29:42.726 [AsyncHttpClient-1-1] DEBUG org.asynchttpclient.netty.channel.DefaultChannelPool - Entry count for : http://localhost:21829 : 1
14:29:43.819 [AsyncHttpClient-1-1] DEBUG org.asynchttpclient.netty.channel.DefaultChannelPool - Entry count for : http://localhost:21829 : 1
14:29:44.169 [AsyncHttpClient-1-17] DEBUG org.asynchttpclient.netty.handler.HttpHandler - 

Request DefaultHttpRequest(decodeResult: success, version: HTTP/1.1)
POST /session/4e9252be6a9084ad4a091251f2e4141f/element HTTP/1.1
User-Agent: selenium/4.0.0 (java windows)
Content-Length: 67
Content-Type: application/json; charset=utf-8
host: localhost:61010
accept: */*

Response DefaultHttpResponse(decodeResult: success, version: HTTP/1.1)
HTTP/1.1 404 Not Found
Content-Type: application/json; charset=utf-8
cache-control: no-cache
content-length: 1030

14:29:44.169 [AsyncHttpClient-1-17] DEBUG org.asynchttpclient.netty.channel.ChannelManager - Adding key: http://localhost:61010 for channel [id: 0x7a8939b6, L:/127.0.0.1:21828 - R:localhost/127.0.0.1:61010]
14:29:44.177 [Forwarding findElement on session 4e9252be6a9084ad4a091251f2e4141f to remote] DEBUG org.asynchttpclient.netty.request.NettyRequestSender - Using pooled Channel '[id: 0x7a8939b6, L:/127.0.0.1:21828 - R:localhost/127.0.0.1:61010]' for 'POST' to 'http://localhost:61010/session/4e9252be6a9084ad4a091251f2e4141f/element'
14:29:44.177 [Forwarding findElement on session 4e9252be6a9084ad4a091251f2e4141f to remote] DEBUG org.asynchttpclient.netty.request.NettyRequestSender - Using open Channel [id: 0x7a8939b6, L:/127.0.0.1:21828 - R:localhost/127.0.0.1:61010] for POST '/session/4e9252be6a9084ad4a091251f2e4141f/element'
14:29:44.919 [AsyncHttpClient-1-1] DEBUG org.asynchttpclient.netty.channel.DefaultChannelPool - Entry count for : http://localhost:21829 : 1
14:29:46.024 [AsyncHttpClient-1-1] DEBUG org.asynchttpclient.netty.channel.DefaultChannelPool - Entry count for : http://localhost:21829 : 1
14:29:47.126 [AsyncHttpClient-1-1] DEBUG org.asynchttpclient.netty.channel.DefaultChannelPool - Entry count for : http://localhost:21829 : 1
14:29:48.234 [AsyncHttpClient-1-1] DEBUG org.asynchttpclient.netty.channel.DefaultChannelPool - Entry count for : http://localhost:21829 : 1
14:29:49.321 [AsyncHttpClient-1-1] DEBUG org.asynchttpclient.netty.channel.DefaultChannelPool - Entry count for : http://localhost:21829 : 1
14:29:50.418 [AsyncHttpClient-1-1] DEBUG org.asynchttpclient.netty.channel.DefaultChannelPool - Entry count for : http://localhost:21829 : 1
14:29:51.520 [AsyncHttpClient-1-1] DEBUG org.asynchttpclient.netty.channel.DefaultChannelPool - Entry count for : http://localhost:21829 : 1
14:29:52.627 [AsyncHttpClient-1-1] DEBUG org.asynchttpclient.netty.channel.DefaultChannelPool - Entry count for : http://localhost:21829 : 1
14:29:53.724 [AsyncHttpClient-1-1] DEBUG org.asynchttpclient.netty.channel.DefaultChannelPool - Entry count for : http://localhost:21829 : 1
14:29:54.181 [AsyncHttpClient-1-17] DEBUG org.asynchttpclient.netty.handler.HttpHandler - 

Request DefaultHttpRequest(decodeResult: success, version: HTTP/1.1)
POST /session/4e9252be6a9084ad4a091251f2e4141f/element HTTP/1.1
User-Agent: selenium/4.0.0 (java windows)
Content-Length: 69
Content-Type: application/json; charset=utf-8
host: localhost:61010
accept: */*

Response DefaultHttpResponse(decodeResult: success, version: HTTP/1.1)
HTTP/1.1 404 Not Found
Content-Type: application/json; charset=utf-8
cache-control: no-cache
content-length: 1037

14:29:54.181 [AsyncHttpClient-1-17] DEBUG org.asynchttpclient.netty.channel.ChannelManager - Adding key: http://localhost:61010 for channel [id: 0x7a8939b6, L:/127.0.0.1:21828 - R:localhost/127.0.0.1:61010]
14:29:54.186 [Forwarding getLog on session 4e9252be6a9084ad4a091251f2e4141f to remote] DEBUG org.asynchttpclient.netty.request.NettyRequestSender - Using pooled Channel '[id: 0x7a8939b6, L:/127.0.0.1:21828 - R:localhost/127.0.0.1:61010]' for 'POST' to 'http://localhost:61010/session/4e9252be6a9084ad4a091251f2e4141f/se/log'
14:29:54.186 [Forwarding getLog on session 4e9252be6a9084ad4a091251f2e4141f to remote] DEBUG org.asynchttpclient.netty.request.NettyRequestSender - Using open Channel [id: 0x7a8939b6, L:/127.0.0.1:21828 - R:localhost/127.0.0.1:61010] for POST '/session/4e9252be6a9084ad4a091251f2e4141f/se/log'
14:29:54.187 [AsyncHttpClient-1-17] DEBUG org.asynchttpclient.netty.handler.HttpHandler - 

Request DefaultHttpRequest(decodeResult: success, version: HTTP/1.1)
POST /session/4e9252be6a9084ad4a091251f2e4141f/se/log HTTP/1.1
User-Agent: selenium/4.0.0 (java windows)
Content-Length: 23
Content-Type: application/json; charset=utf-8
host: localhost:61010
accept: */*

Response DefaultHttpResponse(decodeResult: success, version: HTTP/1.1)
HTTP/1.1 200 OK
Content-Type: application/json; charset=utf-8
cache-control: no-cache
content-length: 12

14:29:54.187 [AsyncHttpClient-1-17] DEBUG org.asynchttpclient.netty.channel.ChannelManager - Adding key: http://localhost:61010 for channel [id: 0x7a8939b6, L:/127.0.0.1:21828 - R:localhost/127.0.0.1:61010]
]]></system-out>
    <system-err><![CDATA[Starting ChromeDriver 102.0.5005.61 (0e59bcc00cc4985ce39ad31c150065f159d95ad3-refs/branch-heads/5005@{#819}) on port 61010
Only local connections are allowed.
Please see https://chromedriver.chromium.org/security-considerations for suggestions on keeping ChromeDriver safe.
ChromeDriver was started successfully.
июн. 06, 2022 2:29:30 PM org.openqa.selenium.remote.ProtocolHandshake createSession
INFO: Detected dialect: W3C
июн. 06, 2022 2:29:30 PM org.openqa.selenium.devtools.CdpVersionFinder findNearestMatch
WARNING: Unable to find an exact match for CDP version 102, so returning the closest version found: a no-op implementation
июн. 06, 2022 2:29:30 PM org.openqa.selenium.devtools.CdpVersionFinder findNearestMatch
INFO: Unable to find CDP implementation matching 102.
июн. 06, 2022 2:29:30 PM org.openqa.selenium.chromium.ChromiumDriver lambda$new$3
WARNING: Unable to find version of CDP to use for . You may need to include a dependency on a specific version of the CDP using something similar to `org.seleniumhq.selenium:selenium-devtools-v86:4.0.0` where the version ("v86") matches the version of the chromium-based browser you're using and the version number of the artifact is the same as Selenium's.
]]></system-err>
  </testcase>
  <testcase name="create_new_API_key" classname="org.example.HW_7.PositiveTest" time="10.601">
    <error message="no such frame&#10;  (Session info: headless chrome=102.0.5005.63)&#10;Build info: version: &apos;4.0.0&apos;, revision: &apos;3a21814679&apos;&#10;System info: host: &apos;DESKTOP-44QEDC4&apos;, ip: &apos;192.168.56.1&apos;, os.name: &apos;Windows 10&apos;, os.arch: &apos;amd64&apos;, os.version: &apos;10.0&apos;, java.version: &apos;17.0.1&apos;&#10;Driver info: org.openqa.selenium.chrome.ChromeDriver&#10;Command: [4e9252be6a9084ad4a091251f2e4141f, switchToFrame {id=0}]&#10;Capabilities {acceptInsecureCerts: false, browserName: chrome, browserVersion: 102.0.5005.63, chrome: {chromedriverVersion: 102.0.5005.61 (0e59bcc00cc4..., userDataDir: C:\Users\Tadeysh\AppData\Lo...}, goog:chromeOptions: {debuggerAddress: localhost:21829}, javascriptEnabled: true, networkConnectionEnabled: false, pageLoadStrategy: normal, platform: WINDOWS, platformName: WINDOWS, proxy: Proxy(), se:cdp: ws://localhost:21829/devtoo..., se:cdpVersion: 102.0.5005.63, setWindowRect: true, strictFileInteractability: false, timeouts: {implicit: 0, pageLoad: 10000, script: 30000}, unhandledPromptBehavior: dismiss and notify, webauthn:extension:credBlob: true, webauthn:extension:largeBlob: true, webauthn:virtualAuthenticators: true}&#10;Session ID: 4e9252be6a9084ad4a091251f2e4141f" type="org.openqa.selenium.NoSuchFrameException">org.openqa.selenium.NoSuchFrameException: 
no such frame
  (Session info: headless chrome=102.0.5005.63)
Build info: version: '4.0.0', revision: '3a21814679'
System info: host: 'DESKTOP-44QEDC4', ip: '192.168.56.1', os.name: 'Windows 10', os.arch: 'amd64', os.version: '10.0', java.version: '17.0.1'
Driver info: org.openqa.selenium.chrome.ChromeDriver
Command: [4e9252be6a9084ad4a091251f2e4141f, switchToFrame {id=0}]
Capabilities {acceptInsecureCerts: false, browserName: chrome, browserVersion: 102.0.5005.63, chrome: {chromedriverVersion: 102.0.5005.61 (0e59bcc00cc4..., userDataDir: C:\Users\Tadeysh\AppData\Lo...}, goog:chromeOptions: {debuggerAddress: localhost:21829}, javascriptEnabled: true, networkConnectionEnabled: false, pageLoadStrategy: normal, platform: WINDOWS, platformName: WINDOWS, proxy: Proxy(), se:cdp: ws://localhost:21829/devtoo..., se:cdpVersion: 102.0.5005.63, setWindowRect: true, strictFileInteractability: false, timeouts: {implicit: 0, pageLoad: 10000, script: 30000}, unhandledPromptBehavior: dismiss and notify, webauthn:extension:credBlob: true, webauthn:extension:largeBlob: true, webauthn:virtualAuthenticators: true}
Session ID: 4e9252be6a9084ad4a091251f2e4141f
</error>
    <system-out><![CDATA[14:29:54.204 [Forwarding get on session 4e9252be6a9084ad4a091251f2e4141f to remote] DEBUG org.asynchttpclient.netty.request.NettyRequestSender - Using pooled Channel '[id: 0x7a8939b6, L:/127.0.0.1:21828 - R:localhost/127.0.0.1:61010]' for 'POST' to 'http://localhost:61010/session/4e9252be6a9084ad4a091251f2e4141f/url'
14:29:54.204 [Forwarding get on session 4e9252be6a9084ad4a091251f2e4141f to remote] DEBUG org.asynchttpclient.netty.request.NettyRequestSender - Using open Channel [id: 0x7a8939b6, L:/127.0.0.1:21828 - R:localhost/127.0.0.1:61010] for POST '/session/4e9252be6a9084ad4a091251f2e4141f/url'
14:29:54.360 [AsyncHttpClient-1-17] DEBUG org.asynchttpclient.netty.handler.HttpHandler - 

Request DefaultHttpRequest(decodeResult: success, version: HTTP/1.1)
POST /session/4e9252be6a9084ad4a091251f2e4141f/url HTTP/1.1
User-Agent: selenium/4.0.0 (java windows)
Content-Length: 67
Content-Type: application/json; charset=utf-8
host: localhost:61010
accept: */*

Response DefaultHttpResponse(decodeResult: success, version: HTTP/1.1)
HTTP/1.1 200 OK
Content-Type: application/json; charset=utf-8
cache-control: no-cache
content-length: 14

14:29:54.360 [AsyncHttpClient-1-17] DEBUG org.asynchttpclient.netty.channel.ChannelManager - Adding key: http://localhost:61010 for channel [id: 0x7a8939b6, L:/127.0.0.1:21828 - R:localhost/127.0.0.1:61010]
14:29:54.361 [Forwarding findElement on session 4e9252be6a9084ad4a091251f2e4141f to remote] DEBUG org.asynchttpclient.netty.request.NettyRequestSender - Using pooled Channel '[id: 0x7a8939b6, L:/127.0.0.1:21828 - R:localhost/127.0.0.1:61010]' for 'POST' to 'http://localhost:61010/session/4e9252be6a9084ad4a091251f2e4141f/element'
14:29:54.361 [Forwarding findElement on session 4e9252be6a9084ad4a091251f2e4141f to remote] DEBUG org.asynchttpclient.netty.request.NettyRequestSender - Using open Channel [id: 0x7a8939b6, L:/127.0.0.1:21828 - R:localhost/127.0.0.1:61010] for POST '/session/4e9252be6a9084ad4a091251f2e4141f/element'
14:29:54.369 [AsyncHttpClient-1-17] DEBUG org.asynchttpclient.netty.handler.HttpHandler - 

Request DefaultHttpRequest(decodeResult: success, version: HTTP/1.1)
POST /session/4e9252be6a9084ad4a091251f2e4141f/element HTTP/1.1
User-Agent: selenium/4.0.0 (java windows)
Content-Length: 69
Content-Type: application/json; charset=utf-8
host: localhost:61010
accept: */*

Response DefaultHttpResponse(decodeResult: success, version: HTTP/1.1)
HTTP/1.1 200 OK
Content-Type: application/json; charset=utf-8
cache-control: no-cache
content-length: 88

14:29:54.369 [AsyncHttpClient-1-17] DEBUG org.asynchttpclient.netty.channel.ChannelManager - Adding key: http://localhost:61010 for channel [id: 0x7a8939b6, L:/127.0.0.1:21828 - R:localhost/127.0.0.1:61010]
14:29:54.370 [Forwarding clickElement on session 4e9252be6a9084ad4a091251f2e4141f to remote] DEBUG org.asynchttpclient.netty.request.NettyRequestSender - Using pooled Channel '[id: 0x7a8939b6, L:/127.0.0.1:21828 - R:localhost/127.0.0.1:61010]' for 'POST' to 'http://localhost:61010/session/4e9252be6a9084ad4a091251f2e4141f/element/43b00d44-7f7d-4522-988f-b0f08b388913/click'
14:29:54.370 [Forwarding clickElement on session 4e9252be6a9084ad4a091251f2e4141f to remote] DEBUG org.asynchttpclient.netty.request.NettyRequestSender - Using open Channel [id: 0x7a8939b6, L:/127.0.0.1:21828 - R:localhost/127.0.0.1:61010] for POST '/session/4e9252be6a9084ad4a091251f2e4141f/element/43b00d44-7f7d-4522-988f-b0f08b388913/click'
14:29:54.393 [AsyncHttpClient-1-17] DEBUG org.asynchttpclient.netty.handler.HttpHandler - 

Request DefaultHttpRequest(decodeResult: success, version: HTTP/1.1)
POST /session/4e9252be6a9084ad4a091251f2e4141f/element/43b00d44-7f7d-4522-988f-b0f08b388913/click HTTP/1.1
User-Agent: selenium/4.0.0 (java windows)
Content-Length: 50
Content-Type: application/json; charset=utf-8
host: localhost:61010
accept: */*

Response DefaultHttpResponse(decodeResult: success, version: HTTP/1.1)
HTTP/1.1 200 OK
Content-Type: application/json; charset=utf-8
cache-control: no-cache
content-length: 14

14:29:54.393 [AsyncHttpClient-1-17] DEBUG org.asynchttpclient.netty.channel.ChannelManager - Adding key: http://localhost:61010 for channel [id: 0x7a8939b6, L:/127.0.0.1:21828 - R:localhost/127.0.0.1:61010]
14:29:54.394 [Forwarding findElement on session 4e9252be6a9084ad4a091251f2e4141f to remote] DEBUG org.asynchttpclient.netty.request.NettyRequestSender - Using pooled Channel '[id: 0x7a8939b6, L:/127.0.0.1:21828 - R:localhost/127.0.0.1:61010]' for 'POST' to 'http://localhost:61010/session/4e9252be6a9084ad4a091251f2e4141f/element'
14:29:54.394 [Forwarding findElement on session 4e9252be6a9084ad4a091251f2e4141f to remote] DEBUG org.asynchttpclient.netty.request.NettyRequestSender - Using open Channel [id: 0x7a8939b6, L:/127.0.0.1:21828 - R:localhost/127.0.0.1:61010] for POST '/session/4e9252be6a9084ad4a091251f2e4141f/element'
14:29:54.397 [AsyncHttpClient-1-17] DEBUG org.asynchttpclient.netty.handler.HttpHandler - 

Request DefaultHttpRequest(decodeResult: success, version: HTTP/1.1)
POST /session/4e9252be6a9084ad4a091251f2e4141f/element HTTP/1.1
User-Agent: selenium/4.0.0 (java windows)
Content-Length: 69
Content-Type: application/json; charset=utf-8
host: localhost:61010
accept: */*

Response DefaultHttpResponse(decodeResult: success, version: HTTP/1.1)
HTTP/1.1 200 OK
Content-Type: application/json; charset=utf-8
cache-control: no-cache
content-length: 88

14:29:54.397 [AsyncHttpClient-1-17] DEBUG org.asynchttpclient.netty.channel.ChannelManager - Adding key: http://localhost:61010 for channel [id: 0x7a8939b6, L:/127.0.0.1:21828 - R:localhost/127.0.0.1:61010]
14:29:54.399 [Forwarding sendKeysToElement on session 4e9252be6a9084ad4a091251f2e4141f to remote] DEBUG org.asynchttpclient.netty.request.NettyRequestSender - Using pooled Channel '[id: 0x7a8939b6, L:/127.0.0.1:21828 - R:localhost/127.0.0.1:61010]' for 'POST' to 'http://localhost:61010/session/4e9252be6a9084ad4a091251f2e4141f/element/43b00d44-7f7d-4522-988f-b0f08b388913/value'
14:29:54.399 [Forwarding sendKeysToElement on session 4e9252be6a9084ad4a091251f2e4141f to remote] DEBUG org.asynchttpclient.netty.request.NettyRequestSender - Using open Channel [id: 0x7a8939b6, L:/127.0.0.1:21828 - R:localhost/127.0.0.1:61010] for POST '/session/4e9252be6a9084ad4a091251f2e4141f/element/43b00d44-7f7d-4522-988f-b0f08b388913/value'
14:29:54.413 [AsyncHttpClient-1-17] DEBUG org.asynchttpclient.netty.handler.HttpHandler - 

Request DefaultHttpRequest(decodeResult: success, version: HTTP/1.1)
POST /session/4e9252be6a9084ad4a091251f2e4141f/element/43b00d44-7f7d-4522-988f-b0f08b388913/value HTTP/1.1
User-Agent: selenium/4.0.0 (java windows)
Content-Length: 171
Content-Type: application/json; charset=utf-8
host: localhost:61010
accept: */*

Response DefaultHttpResponse(decodeResult: success, version: HTTP/1.1)
HTTP/1.1 200 OK
Content-Type: application/json; charset=utf-8
cache-control: no-cache
content-length: 14

14:29:54.413 [AsyncHttpClient-1-17] DEBUG org.asynchttpclient.netty.channel.ChannelManager - Adding key: http://localhost:61010 for channel [id: 0x7a8939b6, L:/127.0.0.1:21828 - R:localhost/127.0.0.1:61010]
14:29:54.414 [Forwarding findElement on session 4e9252be6a9084ad4a091251f2e4141f to remote] DEBUG org.asynchttpclient.netty.request.NettyRequestSender - Using pooled Channel '[id: 0x7a8939b6, L:/127.0.0.1:21828 - R:localhost/127.0.0.1:61010]' for 'POST' to 'http://localhost:61010/session/4e9252be6a9084ad4a091251f2e4141f/element'
14:29:54.414 [Forwarding findElement on session 4e9252be6a9084ad4a091251f2e4141f to remote] DEBUG org.asynchttpclient.netty.request.NettyRequestSender - Using open Channel [id: 0x7a8939b6, L:/127.0.0.1:21828 - R:localhost/127.0.0.1:61010] for POST '/session/4e9252be6a9084ad4a091251f2e4141f/element'
14:29:54.420 [AsyncHttpClient-1-17] DEBUG org.asynchttpclient.netty.handler.HttpHandler - 

Request DefaultHttpRequest(decodeResult: success, version: HTTP/1.1)
POST /session/4e9252be6a9084ad4a091251f2e4141f/element HTTP/1.1
User-Agent: selenium/4.0.0 (java windows)
Content-Length: 72
Content-Type: application/json; charset=utf-8
host: localhost:61010
accept: */*

Response DefaultHttpResponse(decodeResult: success, version: HTTP/1.1)
HTTP/1.1 200 OK
Content-Type: application/json; charset=utf-8
cache-control: no-cache
content-length: 88

14:29:54.420 [AsyncHttpClient-1-17] DEBUG org.asynchttpclient.netty.channel.ChannelManager - Adding key: http://localhost:61010 for channel [id: 0x7a8939b6, L:/127.0.0.1:21828 - R:localhost/127.0.0.1:61010]
14:29:54.421 [Forwarding clickElement on session 4e9252be6a9084ad4a091251f2e4141f to remote] DEBUG org.asynchttpclient.netty.request.NettyRequestSender - Using pooled Channel '[id: 0x7a8939b6, L:/127.0.0.1:21828 - R:localhost/127.0.0.1:61010]' for 'POST' to 'http://localhost:61010/session/4e9252be6a9084ad4a091251f2e4141f/element/5e280cb0-f9a9-439c-bc5b-5a537c7996b2/click'
14:29:54.421 [Forwarding clickElement on session 4e9252be6a9084ad4a091251f2e4141f to remote] DEBUG org.asynchttpclient.netty.request.NettyRequestSender - Using open Channel [id: 0x7a8939b6, L:/127.0.0.1:21828 - R:localhost/127.0.0.1:61010] for POST '/session/4e9252be6a9084ad4a091251f2e4141f/element/5e280cb0-f9a9-439c-bc5b-5a537c7996b2/click'
14:29:54.442 [AsyncHttpClient-1-17] DEBUG org.asynchttpclient.netty.handler.HttpHandler - 

Request DefaultHttpRequest(decodeResult: success, version: HTTP/1.1)
POST /session/4e9252be6a9084ad4a091251f2e4141f/element/5e280cb0-f9a9-439c-bc5b-5a537c7996b2/click HTTP/1.1
User-Agent: selenium/4.0.0 (java windows)
Content-Length: 50
Content-Type: application/json; charset=utf-8
host: localhost:61010
accept: */*

Response DefaultHttpResponse(decodeResult: success, version: HTTP/1.1)
HTTP/1.1 200 OK
Content-Type: application/json; charset=utf-8
cache-control: no-cache
content-length: 14

14:29:54.442 [AsyncHttpClient-1-17] DEBUG org.asynchttpclient.netty.channel.ChannelManager - Adding key: http://localhost:61010 for channel [id: 0x7a8939b6, L:/127.0.0.1:21828 - R:localhost/127.0.0.1:61010]
14:29:54.443 [Forwarding findElement on session 4e9252be6a9084ad4a091251f2e4141f to remote] DEBUG org.asynchttpclient.netty.request.NettyRequestSender - Using pooled Channel '[id: 0x7a8939b6, L:/127.0.0.1:21828 - R:localhost/127.0.0.1:61010]' for 'POST' to 'http://localhost:61010/session/4e9252be6a9084ad4a091251f2e4141f/element'
14:29:54.443 [Forwarding findElement on session 4e9252be6a9084ad4a091251f2e4141f to remote] DEBUG org.asynchttpclient.netty.request.NettyRequestSender - Using open Channel [id: 0x7a8939b6, L:/127.0.0.1:21828 - R:localhost/127.0.0.1:61010] for POST '/session/4e9252be6a9084ad4a091251f2e4141f/element'
14:29:54.447 [AsyncHttpClient-1-17] DEBUG org.asynchttpclient.netty.handler.HttpHandler - 

Request DefaultHttpRequest(decodeResult: success, version: HTTP/1.1)
POST /session/4e9252be6a9084ad4a091251f2e4141f/element HTTP/1.1
User-Agent: selenium/4.0.0 (java windows)
Content-Length: 72
Content-Type: application/json; charset=utf-8
host: localhost:61010
accept: */*

Response DefaultHttpResponse(decodeResult: success, version: HTTP/1.1)
HTTP/1.1 200 OK
Content-Type: application/json; charset=utf-8
cache-control: no-cache
content-length: 88

14:29:54.447 [AsyncHttpClient-1-17] DEBUG org.asynchttpclient.netty.channel.ChannelManager - Adding key: http://localhost:61010 for channel [id: 0x7a8939b6, L:/127.0.0.1:21828 - R:localhost/127.0.0.1:61010]
14:29:54.448 [Forwarding sendKeysToElement on session 4e9252be6a9084ad4a091251f2e4141f to remote] DEBUG org.asynchttpclient.netty.request.NettyRequestSender - Using pooled Channel '[id: 0x7a8939b6, L:/127.0.0.1:21828 - R:localhost/127.0.0.1:61010]' for 'POST' to 'http://localhost:61010/session/4e9252be6a9084ad4a091251f2e4141f/element/5e280cb0-f9a9-439c-bc5b-5a537c7996b2/value'
14:29:54.448 [Forwarding sendKeysToElement on session 4e9252be6a9084ad4a091251f2e4141f to remote] DEBUG org.asynchttpclient.netty.request.NettyRequestSender - Using open Channel [id: 0x7a8939b6, L:/127.0.0.1:21828 - R:localhost/127.0.0.1:61010] for POST '/session/4e9252be6a9084ad4a091251f2e4141f/element/5e280cb0-f9a9-439c-bc5b-5a537c7996b2/value'
14:29:54.463 [AsyncHttpClient-1-17] DEBUG org.asynchttpclient.netty.handler.HttpHandler - 

Request DefaultHttpRequest(decodeResult: success, version: HTTP/1.1)
POST /session/4e9252be6a9084ad4a091251f2e4141f/element/5e280cb0-f9a9-439c-bc5b-5a537c7996b2/value HTTP/1.1
User-Agent: selenium/4.0.0 (java windows)
Content-Length: 231
Content-Type: application/json; charset=utf-8
host: localhost:61010
accept: */*

Response DefaultHttpResponse(decodeResult: success, version: HTTP/1.1)
HTTP/1.1 200 OK
Content-Type: application/json; charset=utf-8
cache-control: no-cache
content-length: 14

14:29:54.463 [AsyncHttpClient-1-17] DEBUG org.asynchttpclient.netty.channel.ChannelManager - Adding key: http://localhost:61010 for channel [id: 0x7a8939b6, L:/127.0.0.1:21828 - R:localhost/127.0.0.1:61010]
14:29:54.464 [Forwarding findElement on session 4e9252be6a9084ad4a091251f2e4141f to remote] DEBUG org.asynchttpclient.netty.request.NettyRequestSender - Using pooled Channel '[id: 0x7a8939b6, L:/127.0.0.1:21828 - R:localhost/127.0.0.1:61010]' for 'POST' to 'http://localhost:61010/session/4e9252be6a9084ad4a091251f2e4141f/element'
14:29:54.464 [Forwarding findElement on session 4e9252be6a9084ad4a091251f2e4141f to remote] DEBUG org.asynchttpclient.netty.request.NettyRequestSender - Using open Channel [id: 0x7a8939b6, L:/127.0.0.1:21828 - R:localhost/127.0.0.1:61010] for POST '/session/4e9252be6a9084ad4a091251f2e4141f/element'
14:29:54.469 [AsyncHttpClient-1-17] DEBUG org.asynchttpclient.netty.handler.HttpHandler - 

Request DefaultHttpRequest(decodeResult: success, version: HTTP/1.1)
POST /session/4e9252be6a9084ad4a091251f2e4141f/element HTTP/1.1
User-Agent: selenium/4.0.0 (java windows)
Content-Length: 76
Content-Type: application/json; charset=utf-8
host: localhost:61010
accept: */*

Response DefaultHttpResponse(decodeResult: success, version: HTTP/1.1)
HTTP/1.1 200 OK
Content-Type: application/json; charset=utf-8
cache-control: no-cache
content-length: 88

14:29:54.470 [AsyncHttpClient-1-17] DEBUG org.asynchttpclient.netty.channel.ChannelManager - Adding key: http://localhost:61010 for channel [id: 0x7a8939b6, L:/127.0.0.1:21828 - R:localhost/127.0.0.1:61010]
14:29:54.470 [Forwarding clickElement on session 4e9252be6a9084ad4a091251f2e4141f to remote] DEBUG org.asynchttpclient.netty.request.NettyRequestSender - Using pooled Channel '[id: 0x7a8939b6, L:/127.0.0.1:21828 - R:localhost/127.0.0.1:61010]' for 'POST' to 'http://localhost:61010/session/4e9252be6a9084ad4a091251f2e4141f/element/4c85b912-678a-4011-bdad-e91728e28c8d/click'
14:29:54.470 [Forwarding clickElement on session 4e9252be6a9084ad4a091251f2e4141f to remote] DEBUG org.asynchttpclient.netty.request.NettyRequestSender - Using open Channel [id: 0x7a8939b6, L:/127.0.0.1:21828 - R:localhost/127.0.0.1:61010] for POST '/session/4e9252be6a9084ad4a091251f2e4141f/element/4c85b912-678a-4011-bdad-e91728e28c8d/click'
14:29:54.723 [AsyncHttpClient-1-17] DEBUG org.asynchttpclient.netty.handler.HttpHandler - 

Request DefaultHttpRequest(decodeResult: success, version: HTTP/1.1)
POST /session/4e9252be6a9084ad4a091251f2e4141f/element/4c85b912-678a-4011-bdad-e91728e28c8d/click HTTP/1.1
User-Agent: selenium/4.0.0 (java windows)
Content-Length: 50
Content-Type: application/json; charset=utf-8
host: localhost:61010
accept: */*

Response DefaultHttpResponse(decodeResult: success, version: HTTP/1.1)
HTTP/1.1 200 OK
Content-Type: application/json; charset=utf-8
cache-control: no-cache
content-length: 14

14:29:54.723 [AsyncHttpClient-1-17] DEBUG org.asynchttpclient.netty.channel.ChannelManager - Adding key: http://localhost:61010 for channel [id: 0x7a8939b6, L:/127.0.0.1:21828 - R:localhost/127.0.0.1:61010]
14:29:54.723 [Forwarding switchToFrame on session 4e9252be6a9084ad4a091251f2e4141f to remote] DEBUG org.asynchttpclient.netty.request.NettyRequestSender - Using pooled Channel '[id: 0x7a8939b6, L:/127.0.0.1:21828 - R:localhost/127.0.0.1:61010]' for 'POST' to 'http://localhost:61010/session/4e9252be6a9084ad4a091251f2e4141f/frame'
14:29:54.723 [Forwarding switchToFrame on session 4e9252be6a9084ad4a091251f2e4141f to remote] DEBUG org.asynchttpclient.netty.request.NettyRequestSender - Using open Channel [id: 0x7a8939b6, L:/127.0.0.1:21828 - R:localhost/127.0.0.1:61010] for POST '/session/4e9252be6a9084ad4a091251f2e4141f/frame'
14:29:54.726 [AsyncHttpClient-1-17] DEBUG org.asynchttpclient.netty.handler.HttpHandler - 

Request DefaultHttpRequest(decodeResult: success, version: HTTP/1.1)
POST /session/4e9252be6a9084ad4a091251f2e4141f/frame HTTP/1.1
User-Agent: selenium/4.0.0 (java windows)
Content-Length: 13
Content-Type: application/json; charset=utf-8
host: localhost:61010
accept: */*

Response DefaultHttpResponse(decodeResult: success, version: HTTP/1.1)
HTTP/1.1 404 Not Found
Content-Type: application/json; charset=utf-8
cache-control: no-cache
content-length: 909

14:29:54.726 [AsyncHttpClient-1-17] DEBUG org.asynchttpclient.netty.channel.ChannelManager - Adding key: http://localhost:61010 for channel [id: 0x7a8939b6, L:/127.0.0.1:21828 - R:localhost/127.0.0.1:61010]
14:29:54.728 [Forwarding findElement on session 4e9252be6a9084ad4a091251f2e4141f to remote] DEBUG org.asynchttpclient.netty.request.NettyRequestSender - Using pooled Channel '[id: 0x7a8939b6, L:/127.0.0.1:21828 - R:localhost/127.0.0.1:61010]' for 'POST' to 'http://localhost:61010/session/4e9252be6a9084ad4a091251f2e4141f/element'
14:29:54.728 [Forwarding findElement on session 4e9252be6a9084ad4a091251f2e4141f to remote] DEBUG org.asynchttpclient.netty.request.NettyRequestSender - Using open Channel [id: 0x7a8939b6, L:/127.0.0.1:21828 - R:localhost/127.0.0.1:61010] for POST '/session/4e9252be6a9084ad4a091251f2e4141f/element'
14:29:54.819 [AsyncHttpClient-1-1] DEBUG org.asynchttpclient.netty.channel.DefaultChannelPool - Entry count for : http://localhost:21829 : 1
14:29:55.923 [AsyncHttpClient-1-1] DEBUG org.asynchttpclient.netty.channel.DefaultChannelPool - Entry count for : http://localhost:21829 : 1
14:29:57.018 [AsyncHttpClient-1-1] DEBUG org.asynchttpclient.netty.channel.DefaultChannelPool - Entry count for : http://localhost:21829 : 1
14:29:58.122 [AsyncHttpClient-1-1] DEBUG org.asynchttpclient.netty.channel.DefaultChannelPool - Entry count for : http://localhost:21829 : 1
14:29:59.219 [AsyncHttpClient-1-1] DEBUG org.asynchttpclient.netty.channel.DefaultChannelPool - Entry count for : http://localhost:21829 : 1
14:30:00.321 [AsyncHttpClient-1-1] DEBUG org.asynchttpclient.netty.channel.DefaultChannelPool - Entry count for : http://localhost:21829 : 1
14:30:01.419 [AsyncHttpClient-1-1] DEBUG org.asynchttpclient.netty.channel.DefaultChannelPool - Entry count for : http://localhost:21829 : 1
14:30:02.522 [AsyncHttpClient-1-1] DEBUG org.asynchttpclient.netty.channel.DefaultChannelPool - Entry count for : http://localhost:21829 : 1
14:30:03.624 [AsyncHttpClient-1-1] DEBUG org.asynchttpclient.netty.channel.DefaultChannelPool - Entry count for : http://localhost:21829 : 1
14:30:04.719 [AsyncHttpClient-1-1] DEBUG org.asynchttpclient.netty.channel.DefaultChannelPool - Entry count for : http://localhost:21829 : 1
14:30:04.791 [AsyncHttpClient-1-17] DEBUG org.asynchttpclient.netty.handler.HttpHandler - 

Request DefaultHttpRequest(decodeResult: success, version: HTTP/1.1)
POST /session/4e9252be6a9084ad4a091251f2e4141f/element HTTP/1.1
User-Agent: selenium/4.0.0 (java windows)
Content-Length: 69
Content-Type: application/json; charset=utf-8
host: localhost:61010
accept: */*

Response DefaultHttpResponse(decodeResult: success, version: HTTP/1.1)
HTTP/1.1 404 Not Found
Content-Type: application/json; charset=utf-8
cache-control: no-cache
content-length: 1037

14:30:04.791 [AsyncHttpClient-1-17] DEBUG org.asynchttpclient.netty.channel.ChannelManager - Adding key: http://localhost:61010 for channel [id: 0x7a8939b6, L:/127.0.0.1:21828 - R:localhost/127.0.0.1:61010]
14:30:04.793 [Forwarding getLog on session 4e9252be6a9084ad4a091251f2e4141f to remote] DEBUG org.asynchttpclient.netty.request.NettyRequestSender - Using pooled Channel '[id: 0x7a8939b6, L:/127.0.0.1:21828 - R:localhost/127.0.0.1:61010]' for 'POST' to 'http://localhost:61010/session/4e9252be6a9084ad4a091251f2e4141f/se/log'
14:30:04.794 [Forwarding getLog on session 4e9252be6a9084ad4a091251f2e4141f to remote] DEBUG org.asynchttpclient.netty.request.NettyRequestSender - Using open Channel [id: 0x7a8939b6, L:/127.0.0.1:21828 - R:localhost/127.0.0.1:61010] for POST '/session/4e9252be6a9084ad4a091251f2e4141f/se/log'
14:30:04.795 [AsyncHttpClient-1-17] DEBUG org.asynchttpclient.netty.handler.HttpHandler - 

Request DefaultHttpRequest(decodeResult: success, version: HTTP/1.1)
POST /session/4e9252be6a9084ad4a091251f2e4141f/se/log HTTP/1.1
User-Agent: selenium/4.0.0 (java windows)
Content-Length: 23
Content-Type: application/json; charset=utf-8
host: localhost:61010
accept: */*

Response DefaultHttpResponse(decodeResult: success, version: HTTP/1.1)
HTTP/1.1 200 OK
Content-Type: application/json; charset=utf-8
cache-control: no-cache
content-length: 12

14:30:04.795 [AsyncHttpClient-1-17] DEBUG org.asynchttpclient.netty.channel.ChannelManager - Adding key: http://localhost:61010 for channel [id: 0x7a8939b6, L:/127.0.0.1:21828 - R:localhost/127.0.0.1:61010]
]]></system-out>
  </testcase>
</testsuite>